<?xml version="1.0" encoding="UTF-8"?>
<!-- Generated by org.testng.reporters.JUnitReportReporter -->
<testsuite skipped="0" hostname="vijji" name="work.Goibibo" tests="1" failures="0" timestamp="13 Feb 2019 07:34:16 GMT" time="18.289" errors="0">
  <testcase name="SelectDate" time="18.289" classname="work.Goibibo"/>
</testsuite> <!-- work.Goibibo -->
