<?xml version="1.0" encoding="UTF-8"?>
<!-- Generated by org.testng.reporters.JUnitReportReporter -->
<testsuite skipped="0" hostname="vijji" name="abcd.Sample1" tests="3" failures="0" timestamp="23 Feb 2019 12:35:29 GMT" time="0.015" errors="0">
  <testcase name="addVendor" time="0.008" classname="abcd.Sample1"/>
  <testcase name="addProduct" time="0.005" classname="abcd.Sample1"/>
  <testcase name="addCurrency" time="0.002" classname="abcd.Sample1"/>
</testsuite> <!-- abcd.Sample1 -->
