<?xml version="1.0" encoding="UTF-8"?>
<!-- Generated by org.testng.reporters.JUnitReportReporter -->
<testsuite skipped="0" hostname="vijji" name="work.Seledate" tests="1" failures="0" timestamp="15 Feb 2019 05:53:00 GMT" time="19.858" errors="0">
  <testcase name="dateSle" time="19.858" classname="work.Seledate"/>
</testsuite> <!-- work.Seledate -->
