<?xml version="1.0" encoding="UTF-8"?>
<!-- Generated by org.testng.reporters.JUnitReportReporter -->
<testsuite skipped="0" hostname="vijji" name="work.cal1" tests="1" failures="0" timestamp="12 Feb 2019 12:43:16 GMT" time="27.807" errors="0">
  <testcase name="SelectDate" time="27.807" classname="work.cal1"/>
</testsuite> <!-- work.cal1 -->
