<?xml version="1.0" encoding="UTF-8"?>
<!-- Generated by org.testng.reporters.JUnitReportReporter -->
<testsuite skipped="0" hostname="vijji" name="work.ClassProperties" tests="1" failures="0" timestamp="20 Feb 2019 10:49:11 GMT" time="0.021" errors="0">
  <testcase name="prudvi" time="0.021" classname="work.ClassProperties"/>
</testsuite> <!-- work.ClassProperties -->
