<?xml version="1.0" encoding="UTF-8"?>
<!-- Generated by org.testng.reporters.JUnitReportReporter -->
<testsuite skipped="0" hostname="vijji" name="abcd.Sample2" tests="3" failures="0" timestamp="23 Feb 2019 12:35:29 GMT" time="0.005" errors="0">
  <testcase name="DeleteVendor" time="0.001" classname="abcd.Sample2"/>
  <testcase name="DeleteProduct" time="0.002" classname="abcd.Sample2"/>
  <testcase name="DeleteCurrency" time="0.002" classname="abcd.Sample2"/>
</testsuite> <!-- abcd.Sample2 -->
