<?xml version="1.0" encoding="UTF-8"?>
<!-- Generated by org.testng.reporters.JUnitReportReporter -->
<testsuite skipped="0" hostname="vijji" name="work.OrangeHRM" tests="1" failures="0" timestamp="13 Feb 2019 11:50:37 GMT" time="45.479" errors="0">
  <testcase name="cldr2" time="45.479" classname="work.OrangeHRM"/>
</testsuite> <!-- work.OrangeHRM -->
