<?xml version="1.0" encoding="UTF-8"?>
<!-- Generated by org.testng.reporters.JUnitReportReporter -->
<testsuite skipped="0" hostname="vijji" name="work.Framework" tests="1" failures="0" timestamp="14 Feb 2019 06:38:51 GMT" time="12.790" errors="0">
  <testcase name="Frame" time="12.790" classname="work.Framework"/>
</testsuite> <!-- work.Framework -->
