<?xml version="1.0" encoding="UTF-8"?>
<!-- Generated by org.testng.reporters.JUnitReportReporter -->
<testsuite skipped="0" hostname="vijji" name="ajay.TestNG" tests="2" failures="0" timestamp="28 Jan 2019 11:52:11 GMT" time="36.667" errors="0">
  <testcase name="verifyYahooTitle" time="28.480" classname="ajay.TestNG"/>
  <testcase name="verifyGoogleTitle" time="8.187" classname="ajay.TestNG"/>
</testsuite> <!-- ajay.TestNG -->
